<?xml version="1.0" encoding="UTF-8"?>
<!-- Generated by org.testng.reporters.JUnitReportReporter -->
<testsuite skipped="0" hostname="Desktop" name="com.promise.tests.LoginPageTest" tests="2" failures="0" timestamp="02 Sep 2020 15:23:00 GMT" time="2.061" errors="0">
  <testcase name="verifyemptyloginfun" time="0.780" classname="com.promise.tests.LoginPageTest"/>
  <testcase name="verifyLoginFunctionslityTest" time="1.281" classname="com.promise.tests.LoginPageTest"/>
</testsuite> <!-- com.promise.tests.LoginPageTest -->
